<?xml version="1.0" encoding="UTF-8"?>
<testng-results ignored="0" total="2" passed="2" failed="0" skipped="0">
  <reporter-output>
  </reporter-output>
  <suite started-at="2022-04-17T15:47:11 AEST" name="Default suite" finished-at="2022-04-17T15:47:11 AEST" duration-ms="140">
    <groups>
    </groups>
    <test started-at="2022-04-17T15:47:11 AEST" name="Default test" finished-at="2022-04-17T15:47:11 AEST" duration-ms="140">
      <class name="tests.Test1">
        <test-method is-config="true" signature="setUp()[pri:0, instance:tests.Test1@32eff876]" started-at="2022-04-17T15:47:11 AEST" name="setUp" finished-at="2022-04-17T15:47:11 AEST" duration-ms="18" status="PASS">
          <reporter-output>
          </reporter-output>
        </test-method> <!-- setUp -->
        <test-method is-config="true" signature="setUpMethod()[pri:0, instance:tests.Test1@32eff876]" started-at="2022-04-17T15:47:11 AEST" name="setUpMethod" finished-at="2022-04-17T15:47:11 AEST" duration-ms="2" status="PASS">
          <reporter-output>
          </reporter-output>
        </test-method> <!-- setUpMethod -->
        <test-method signature="atTest1()[pri:1, instance:tests.Test1@32eff876]" started-at="2022-04-17T15:47:11 AEST" name="atTest1" finished-at="2022-04-17T15:47:11 AEST" duration-ms="21" status="PASS">
          <reporter-output>
          </reporter-output>
        </test-method> <!-- atTest1 -->
        <test-method is-config="true" signature="setUpMethod()[pri:0, instance:tests.Test1@32eff876]" started-at="2022-04-17T15:47:11 AEST" name="setUpMethod" finished-at="2022-04-17T15:47:11 AEST" duration-ms="0" status="PASS">
          <reporter-output>
          </reporter-output>
        </test-method> <!-- setUpMethod -->
        <test-method signature="atTest2()[pri:2, instance:tests.Test1@32eff876]" started-at="2022-04-17T15:47:11 AEST" name="atTest2" finished-at="2022-04-17T15:47:11 AEST" duration-ms="3" status="PASS">
          <reporter-output>
          </reporter-output>
        </test-method> <!-- atTest2 -->
      </class> <!-- tests.Test1 -->
    </test> <!-- Default test -->
  </suite> <!-- Default suite -->
</testng-results>
